<?xml version="1.0" encoding="UTF-8"?>
<testsuite xmlns:xsi="http://www.w3.org/2001/XMLSchema-instance" xsi:noNamespaceSchemaLocation="https://maven.apache.org/surefire/maven-surefire-plugin/xsd/surefire-test-report-3.0.xsd" version="3.0" name="ntut.csie.islab.miro.usecase.stickyNote.CreateStickyNoteUseCaseTest" time="0" tests="1" errors="0" skipped="0" failures="0">
  <properties>
[...]
</properties>
  <testcase name="test_create_sticky_note" classname="ntut.csie.islab.miro.usecase.stickyNote.CreateStickyNoteUseCaseTest" time="0"/>
</testsuite>